Arguments: 
  C:\Program Files\nodejs\node.exe C:\Program Files (x86)\Yarn\bin\yarn.js add Controllers

PATH: 
  C:\ProgramData\Oracle\Java\javapath;C:\Program Files (x86)\Intel\iCLS Client\;C:\Program Files\Intel\iCLS Client\;C:\Windows\system32;C:\Windows;C:\Windows\System32\Wbem;C:\Windows\System32\WindowsPowerShell\v1.0\;C:\Program Files (x86)\Intel\Intel(R) Management Engine Components\DAL;C:\Program Files\Intel\Intel(R) Management Engine Components\DAL;C:\Program Files (x86)\Intel\Intel(R) Management Engine Components\IPT;C:\Program Files\Intel\Intel(R) Management Engine Components\IPT;C:\Program Files (x86)\NVIDIA Corporation\PhysX\Common;C:\WINDOWS\system32;C:\WINDOWS;C:\WINDOWS\System32\Wbem;C:\WINDOWS\System32\WindowsPowerShell\v1.0\;C:\WINDOWS\System32\OpenSSH\;C:\Program Files\Git\cmd;C:\Program Files (x86)\Yarn\bin\;C:\Program Files\nodejs\;"C:\Program Files (x86)\Java\jre1.8.0_251\bin;C:\Users\rbebr\AppData\Local\Microsoft\WindowsApps;C:\Program Files (x86)\Java\jre1.8.0_201\bin";C:\Users\rbebr\AppData\Local\Programs\Microsoft VS Code\bin;C:\Users\rbebr\AppData\Local\Yarn\bin;C:\MinGW\bin;C:\Users\rbebr\AppData\Roaming\npm;C:\Users\rbebr\AppData\Local\gitkraken\bin

Yarn version: 
  1.22.5

Node version: 
  20.9.0

Platform: 
  win32 x64

Trace: 
  Error: https://registry.yarnpkg.com/Controllers: Not found
      at params.callback [as _callback] (C:\Program Files (x86)\Yarn\lib\cli.js:66097:18)
      at self.callback (C:\Program Files (x86)\Yarn\lib\cli.js:140749:22)
      at Request.emit (node:events:514:28)
      at Request.<anonymous> (C:\Program Files (x86)\Yarn\lib\cli.js:141721:10)
      at Request.emit (node:events:514:28)
      at IncomingMessage.<anonymous> (C:\Program Files (x86)\Yarn\lib\cli.js:141643:12)
      at Object.onceWrapper (node:events:628:28)
      at IncomingMessage.emit (node:events:526:35)
      at endReadableNT (node:internal/streams/readable:1408:12)
      at process.processTicksAndRejections (node:internal/process/task_queues:82:21)

npm manifest: 
  {
    "name": "backend-acervo",
    "version": "1.0.0",
    "type": "module",
    "description": "",
    "main": "index.js",
    "scripts": {
      "test": "echo \"Error: no test specified\" && exit 1",
      "dev": "nodemon src/index.js"
    },
    "repository": {
      "type": "git",
      "url": "git+https://github.com/cpejr/backend-acervo.git"
    },
    "author": "",
    "license": "ISC",
    "bugs": {
      "url": "https://github.com/cpejr/backend-acervo/issues"
    },
    "homepage": "https://github.com/cpejr/backend-acervo#readme",
    "dependencies": {
      "dotenv": "^16.4.2",
      "express": "^4.18.2",
      "jsonwebtoken": "^9.0.2",
      "mongoose": "^8.1.1",
      "nodemon": "^3.0.3",
      "zod": "^3.22.4",
      "zod-express-middleware": "^1.4.0"
    }
  }

yarn manifest: 
  No manifest

Lockfile: 
  No lockfile
